<?xml version="1.0" encoding="UTF-8"?>
<!-- Generated by org.testng.reporters.JUnitXMLReporter -->
<testsuite ignored="0" hostname="DESKTOP-MMVN4II" failures="1" tests="1" name="loginTest_edge" time="9.623" errors="0" timestamp="2022-03-16T18:51:35 IST">
  <testcase classname="com.Test.LoginTest" name="veryfylogin" time="0.16">
    <failure type="java.lang.NullPointerException" message="Cannot invoke &amp;quot;com.aventstack.extentreports.ExtentTest.log(com.aventstack.extentreports.Status, String)&amp;quot; because &amp;quot;com.Utility.Library.test&amp;quot; is null">
      <![CDATA[java.lang.NullPointerException: Cannot invoke "com.aventstack.extentreports.ExtentTest.log(com.aventstack.extentreports.Status, String)" because "com.Utility.Library.test" is null
at com.Utility.Library.custom_sendkeys(Library.java:17)
at com.Test.LoginTest.veryfylogin(LoginTest.java:17)
at java.base/java.util.ArrayList.forEach(ArrayList.java:1511)
... Removed 27 stack frames]]>
    </failure>
  </testcase> <!-- veryfylogin -->
</testsuite> <!-- loginTest_edge -->
